# Logfile created on Tue Aug 04 21:40:59 +0200 2009  [4;36;1mSQL (0.2ms)[0m   [0;1mSET client_min_messages TO 'panic'[0m
  [4;35;1mSQL (0.2ms)[0m   [0mSET client_min_messages TO 'notice'[0m
  [4;36;1mSQL (0.1ms)[0m   [0;1mSET client_min_messages TO 'panic'[0m
  [4;35;1mSQL (0.1ms)[0m   [0mSET client_min_messages TO 'notice'[0m


Processing ActionController::Base#index (for 127.0.0.1 at 2009-08-04 21:41:35) [GET]
  Parameters: {"lon"=>"9.02099609375", "name"=>"", "tolerance"=>"0.06591796875", "max"=>"", "maxfeatures"=>"10", "min"=>"", "lat"=>"42.286376953125"}

NameError (uninitialized constant ApplicationController):
  app/controllers/summits_controller.rb:1

Rendered rescues/_trace (73.0ms)
Rendered rescues/_request_and_response (1.8ms)
Rendering rescues/layout (internal_server_error)
  [4;36;1mSQL (0.000095)[0m   [0;1mSET client_min_messages TO 'panic'[0m
  [4;35;1mSQL (0.000056)[0m   [0mSET client_min_messages TO 'notice'[0m


Processing SummitsController#index (for 127.0.0.1 at 2009-08-04 21:43:37) [GET]
  Session ID: BAh7BiIKZmxhc2hJQzonQWN0aW9uQ29udHJvbGxlcjo6Rmxhc2g6OkZsYXNo
SGFzaHsABjoKQHVzZWR7AA==--2112130281706ea2ed2f80e9f9b6e1742a897b91
  Parameters: {"name"=>"", "lon"=>"9.02099609375", "max"=>"", "tolerance"=>"0.06591796875", "action"=>"index", "maxfeatures"=>"10", "min"=>"", "controller"=>"summits", "lat"=>"42.308349609375"}
  [4;36;1mSummit Load (0.027637)[0m   [0;1mSELECT * FROM "sommets_out" WHERE (sommets_out."geom" && SetSRID(E'BOX3D(9.053955078125 42.34130859375,8.988037109375 42.275390625)'::box3d, 32768 ) ) LIMIT 10[0m
Completed in 0.06525 (15 reqs/sec) | Rendering: 0.00054 (0%) | DB: 0.02779 (42%) | 200 OK [http://localhost/summits?lon=9.02099609375&lat=42.308349609375&tolerance=0.06591796875&maxfeatures=10&name=&min=&max=]


Processing SummitsController#index (for 127.0.0.1 at 2009-08-04 21:43:44) [GET]
  Session ID: BAh7BiIKZmxhc2hJQzonQWN0aW9uQ29udHJvbGxlcjo6Rmxhc2g6OkZsYXNo
SGFzaHsABjoKQHVzZWR7AA==--2112130281706ea2ed2f80e9f9b6e1742a897b91
  Parameters: {"name"=>"", "lon"=>"8.62548828125", "max"=>"", "tolerance"=>"0.06591796875", "action"=>"index", "maxfeatures"=>"10", "min"=>"", "controller"=>"summits", "lat"=>"46.593017578125"}
  [4;35;1mSummit Load (0.028976)[0m   [0mSELECT * FROM "sommets_out" WHERE (sommets_out."geom" && SetSRID(E'BOX3D(8.658447265625 46.6259765625,8.592529296875 46.56005859375)'::box3d, 32768 ) ) LIMIT 10[0m
Completed in 0.04264 (23 reqs/sec) | Rendering: 0.00047 (1%) | DB: 0.02898 (67%) | 200 OK [http://localhost/summits?lon=8.62548828125&lat=46.593017578125&tolerance=0.06591796875&maxfeatures=10&name=&min=&max=]


Processing SummitsController#index (for 127.0.0.1 at 2009-08-04 21:44:00) [GET]
  Session ID: BAh7BiIKZmxhc2hJQzonQWN0aW9uQ29udHJvbGxlcjo6Rmxhc2g6OkZsYXNo
SGFzaHsABjoKQHVzZWR7AA==--2112130281706ea2ed2f80e9f9b6e1742a897b91
  Parameters: {"name"=>"", "lon"=>"8.603515625", "max"=>"", "tolerance"=>"0.06591796875", "action"=>"index", "maxfeatures"=>"10", "min"=>"", "controller"=>"summits", "lat"=>"46.878662109375"}
  [4;36;1mSummit Load (0.000577)[0m   [0;1mSELECT * FROM "sommets_out" WHERE (sommets_out."geom" && SetSRID(E'BOX3D(8.636474609375 46.91162109375,8.570556640625 46.845703125)'::box3d, 32768 ) ) LIMIT 10[0m
Completed in 0.02869 (34 reqs/sec) | Rendering: 0.00312 (10%) | DB: 0.00058 (2%) | 200 OK [http://localhost/summits?lon=8.603515625&lat=46.878662109375&tolerance=0.06591796875&maxfeatures=10&name=&min=&max=]
